0 info it worked if it ends with ok
1 verbose cli [ '/usr/bin/node', '/usr/bin/npm', 'install', 'strongloop', '-g' ]
2 info using npm@1.4.28
3 info using node@v0.10.33
4 verbose node symlink /usr/bin/node
5 verbose cache add [ 'strongloop', null ]
6 verbose cache add name=undefined spec="strongloop" args=["strongloop",null]
7 verbose parsed url { protocol: null,
7 verbose parsed url   slashes: null,
7 verbose parsed url   auth: null,
7 verbose parsed url   host: null,
7 verbose parsed url   port: null,
7 verbose parsed url   hostname: null,
7 verbose parsed url   hash: null,
7 verbose parsed url   search: null,
7 verbose parsed url   query: null,
7 verbose parsed url   pathname: 'strongloop',
7 verbose parsed url   path: 'strongloop',
7 verbose parsed url   href: 'strongloop' }
8 silly lockFile 89a5b0e6-strongloop strongloop
9 verbose lock strongloop /home/bryan/.npm/89a5b0e6-strongloop.lock
10 silly lockFile 89a5b0e6-strongloop strongloop
11 silly lockFile 89a5b0e6-strongloop strongloop
12 verbose addNamed [ 'strongloop', '' ]
13 verbose addNamed [ null, '*' ]
14 silly lockFile 9938bed3-strongloop strongloop@
15 verbose lock strongloop@ /home/bryan/.npm/9938bed3-strongloop.lock
16 silly addNameRange { name: 'strongloop', range: '*', hasData: false }
17 verbose request where is /strongloop
18 verbose request registry https://registry.npmjs.org/
19 verbose request id 7231943e40916741
20 verbose url raw /strongloop
21 verbose url resolving [ 'https://registry.npmjs.org/', './strongloop' ]
22 verbose url resolved https://registry.npmjs.org/strongloop
23 verbose request where is https://registry.npmjs.org/strongloop
24 info trying registry request attempt 1 at 10:22:19
25 http GET https://registry.npmjs.org/strongloop
26 http 200 https://registry.npmjs.org/strongloop
27 silly registry.get cb [ 200,
27 silly registry.get   { date: 'Thu, 06 Nov 2014 15:22:19 GMT',
27 silly registry.get     server: 'CouchDB/1.5.0 (Erlang OTP/R16B03)',
27 silly registry.get     etag: '"MKOY97GEW1U8B5LLG96THLPM"',
27 silly registry.get     'content-type': 'application/json',
27 silly registry.get     'cache-control': 'max-age=60',
27 silly registry.get     'content-length': '30034',
27 silly registry.get     'accept-ranges': 'bytes',
27 silly registry.get     via: '1.1 varnish',
27 silly registry.get     age: '0',
27 silly registry.get     'x-served-by': 'cache-atl6223-ATL',
27 silly registry.get     'x-cache': 'MISS',
27 silly registry.get     'x-cache-hits': '0',
27 silly registry.get     'x-timer': 'S1415287339.688225,VS0,VE23',
27 silly registry.get     vary: 'Accept',
27 silly registry.get     'keep-alive': 'timeout=10, max=50',
27 silly registry.get     connection: 'Keep-Alive' } ]
28 silly addNameRange number 2 { name: 'strongloop', range: '*', hasData: true }
29 silly addNameRange versions [ 'strongloop',
29 silly addNameRange   [ '2.0.0-beta1',
29 silly addNameRange     '2.0.0-beta2',
29 silly addNameRange     '2.0.0-beta3',
29 silly addNameRange     '2.0.0-beta4',
29 silly addNameRange     '2.0.0-beta5',
29 silly addNameRange     '2.0.0-beta6',
29 silly addNameRange     '2.0.0-beta7',
29 silly addNameRange     '2.0.0-beta8',
29 silly addNameRange     '2.0.0',
29 silly addNameRange     '2.7.1',
29 silly addNameRange     '2.7.2',
29 silly addNameRange     '2.8.0',
29 silly addNameRange     '2.9.0',
29 silly addNameRange     '2.9.1',
29 silly addNameRange     '2.9.2' ] ]
30 verbose addNamed [ 'strongloop', '2.9.2' ]
31 verbose addNamed [ '2.9.2', '2.9.2' ]
32 silly lockFile 34218919-strongloop-2-9-2 strongloop@2.9.2
33 verbose lock strongloop@2.9.2 /home/bryan/.npm/34218919-strongloop-2-9-2.lock
34 silly lockFile dcd27521--strongloop-strongloop-2-9-2-tgz https://registry.npmjs.org/strongloop/-/strongloop-2.9.2.tgz
35 verbose lock https://registry.npmjs.org/strongloop/-/strongloop-2.9.2.tgz /home/bryan/.npm/dcd27521--strongloop-strongloop-2-9-2-tgz.lock
36 verbose addRemoteTarball [ 'https://registry.npmjs.org/strongloop/-/strongloop-2.9.2.tgz',
36 verbose addRemoteTarball   '9190e766f94e3fdf95733eb3393ed63c26d263aa' ]
37 info retry fetch attempt 1 at 10:22:19
38 verbose fetch to= /tmp/npm-19513-iBJFDrBE/registry.npmjs.org/strongloop/-/strongloop-2.9.2.tgz
39 http GET https://registry.npmjs.org/strongloop/-/strongloop-2.9.2.tgz
40 http 200 https://registry.npmjs.org/strongloop/-/strongloop-2.9.2.tgz
41 silly lockFile dcd27521--strongloop-strongloop-2-9-2-tgz https://registry.npmjs.org/strongloop/-/strongloop-2.9.2.tgz
42 silly lockFile dcd27521--strongloop-strongloop-2-9-2-tgz https://registry.npmjs.org/strongloop/-/strongloop-2.9.2.tgz
43 silly lockFile 34218919-strongloop-2-9-2 strongloop@2.9.2
44 silly lockFile 34218919-strongloop-2-9-2 strongloop@2.9.2
45 silly lockFile 9938bed3-strongloop strongloop@
46 silly lockFile 9938bed3-strongloop strongloop@
47 silly resolved [ { name: 'strongloop',
47 silly resolved     version: '2.9.2',
47 silly resolved     description: 'StrongLoop Command Line Tools',
47 silly resolved     homepage: 'http://www.strongloop.com',
47 silly resolved     keywords:
47 silly resolved      [ 'Backend',
47 silly resolved        'LoopBack',
47 silly resolved        'Mobile',
47 silly resolved        'Platform',
47 silly resolved        'StrongLoop',
47 silly resolved        'alerts',
47 silly resolved        'analytics',
47 silly resolved        'agent',
47 silly resolved        'apm',
47 silly resolved        'build',
47 silly resolved        'bundle',
47 silly resolved        'cluster',
47 silly resolved        'config',
47 silly resolved        'dependencies',
47 silly resolved        'deploy',
47 silly resolved        'devops',
47 silly resolved        'event loop',
47 silly resolved        'forever',
47 silly resolved        'git',
47 silly resolved        'heap',
47 silly resolved        'heroku',
47 silly resolved        'logging',
47 silly resolved        'mBaaS',
47 silly resolved        'manager',
47 silly resolved        'master',
47 silly resolved        'memory',
47 silly resolved        'metrics',
47 silly resolved        'monitoring',
47 silly resolved        'nodeops',
47 silly resolved        'npm',
47 silly resolved        'npmrc',
47 silly resolved        'openshift',
47 silly resolved        'ops',
47 silly resolved        'performance',
47 silly resolved        'pm',
47 silly resolved        'process',
47 silly resolved        'profiler',
47 silly resolved        'profiling',
47 silly resolved        'registry',
47 silly resolved        'response',
47 silly resolved        'runner',
47 silly resolved        'service',
47 silly resolved        'slc',
47 silly resolved        'slowest functions',
47 silly resolved        'streams',
47 silly resolved        'strong-agent',
47 silly resolved        'strong-cli',
47 silly resolved        'strong-cluster-control',
47 silly resolved        'strong-pm',
47 silly resolved        'strong-supervisor',
47 silly resolved        'strongloop',
47 silly resolved        'strongops',
47 silly resolved        'supervisor',
47 silly resolved        'switch',
47 silly resolved        'time',
47 silly resolved        'upstart' ],
47 silly resolved     main: 'index.js',
47 silly resolved     repository:
47 silly resolved      { type: 'git',
47 silly resolved        url: 'git://github.com/strongloop/strongloop.git' },
47 silly resolved     author: { name: 'engineering@strongloop.com' },
47 silly resolved     license:
47 silly resolved      { name: 'Dual Artistic/StrongLoop',
47 silly resolved        url: 'https://github.com/strongloop/strongloop/blob/master/LICENSE.md' },
47 silly resolved     bin:
47 silly resolved      { slc: './bin/slc',
47 silly resolved        'lb-ng': './node_modules/loopback-sdk-angular-cli/bin/lb-ng',
47 silly resolved        'lb-ng-doc': './node_modules/loopback-sdk-angular-cli/bin/lb-ng-doc' },
47 silly resolved     scripts:
47 silly resolved      { lint: 'jshint --exclude test/sandbox *.js lib test',
47 silly resolved        test: 'mocha --reporter spec',
47 silly resolved        prepublish: './prepublish.sh' },
47 silly resolved     dependencies:
47 silly resolved      { async: '~0.2.9',
47 silly resolved        colors: '~0.6.1',
47 silly resolved        cpr: '~0.1.1',
47 silly resolved        debug: '~0.7.2',
47 silly resolved        'fs.extra': '~1.2.1',
47 silly resolved        'generator-loopback': '1.x',
47 silly resolved        inflection: '~1.2.6',
47 silly resolved        ini: '~1.1.0',
47 silly resolved        is2: '~0.0.3',
47 silly resolved        'json-file-plus': '~1.0.0',
47 silly resolved        'loopback-sdk-angular-cli': '1.x',
47 silly resolved        'loopback-workspace': '~2.6.0',
47 silly resolved        mkdirp: '~0.3.5',
47 silly resolved        'node-inspector': '~0.7.0',
47 silly resolved        'nodefly-register': '~0.3.2',
47 silly resolved        nopt: '~3.0.1',
47 silly resolved        npm: '~1.4.6',
47 silly resolved        optimist: '~0.5.0',
47 silly resolved        prompt: '~0.2.11',
47 silly resolved        read: '~1.0.5',
47 silly resolved        'strong-agent': '^1.0.0',
47 silly resolved        'strong-build': '^1.0.0',
47 silly resolved        'strong-deploy': '^1.0.0',
47 silly resolved        'strong-pm': '^1.0.0',
47 silly resolved        'strong-registry': '^1.0.0',
47 silly resolved        'strong-supervisor': '^1.0.0',
47 silly resolved        which: '~1.0.5' },
47 silly resolved     devDependencies:
47 silly resolved      { jshint: '~2.1.10',
47 silly resolved        mocha: '~1.12.0',
47 silly resolved        chai: 'latest',
47 silly resolved        nexpect: 'git+https://github.com/strongloop/nexpect',
47 silly resolved        'strong-install': '~0.6.3',
47 silly resolved        'chai-fs': '0.0.3',
47 silly resolved        'chai-json-schema': '~1.0.7' },
47 silly resolved     gitHead: '81b5631ca367194b6e46e68f908ec0e8e3b7e47e',
47 silly resolved     bugs: { url: 'https://github.com/strongloop/strongloop/issues' },
47 silly resolved     bundleDependencies: [ 'nodefly-register' ],
47 silly resolved     _id: 'strongloop@2.9.2',
47 silly resolved     _shasum: '9190e766f94e3fdf95733eb3393ed63c26d263aa',
47 silly resolved     _from: 'strongloop@',
47 silly resolved     _npmVersion: '1.4.28',
47 silly resolved     _npmUser: { name: 'octet', email: 'sam@strongloop.com' },
47 silly resolved     maintainers:
47 silly resolved      [ [Object],
47 silly resolved        [Object],
47 silly resolved        [Object],
47 silly resolved        [Object],
47 silly resolved        [Object],
47 silly resolved        [Object],
47 silly resolved        [Object] ],
47 silly resolved     dist:
47 silly resolved      { shasum: '9190e766f94e3fdf95733eb3393ed63c26d263aa',
47 silly resolved        tarball: 'http://registry.npmjs.org/strongloop/-/strongloop-2.9.2.tgz' },
47 silly resolved     directories: {},
47 silly resolved     _resolved: 'https://registry.npmjs.org/strongloop/-/strongloop-2.9.2.tgz' } ]
48 info install strongloop@2.9.2 into /usr/lib
49 info installOne strongloop@2.9.2
50 verbose lib/node_modules/strongloop unbuild
51 verbose tar unpack /home/bryan/.npm/strongloop/2.9.2/package.tgz
52 silly lockFile aff22686--usr-lib-node-modules-strongloop tar:///usr/lib/node_modules/strongloop
53 verbose lock tar:///usr/lib/node_modules/strongloop /home/bryan/.npm/aff22686--usr-lib-node-modules-strongloop.lock
54 silly lockFile b0b0b5dd-npm-strongloop-2-9-2-package-tgz tar:///home/bryan/.npm/strongloop/2.9.2/package.tgz
55 verbose lock tar:///home/bryan/.npm/strongloop/2.9.2/package.tgz /home/bryan/.npm/b0b0b5dd-npm-strongloop-2-9-2-package-tgz.lock
56 silly gunzTarPerm modes [ '755', '644' ]
57 error Error: EACCES, mkdir '/usr/lib/node_modules/strongloop'
57 error  { [Error: EACCES, mkdir '/usr/lib/node_modules/strongloop']
57 error   errno: 3,
57 error   code: 'EACCES',
57 error   path: '/usr/lib/node_modules/strongloop',
57 error   fstream_type: 'Directory',
57 error   fstream_path: '/usr/lib/node_modules/strongloop',
57 error   fstream_class: 'DirWriter',
57 error   fstream_stack:
57 error    [ '/usr/lib/node_modules/npm/node_modules/fstream/lib/dir-writer.js:36:23',
57 error      '/usr/lib/node_modules/npm/node_modules/mkdirp/index.js:46:53',
57 error      'Object.oncomplete (fs.js:107:15)' ] }
58 error Please try running this command again as root/Administrator.
59 error System Linux 3.5.0-23-generic
60 error command "/usr/bin/node" "/usr/bin/npm" "install" "strongloop" "-g"
61 error cwd /home/bryan/Projects/sbvr-server
62 error node -v v0.10.33
63 error npm -v 1.4.28
64 error path /usr/lib/node_modules/strongloop
65 error fstream_path /usr/lib/node_modules/strongloop
66 error fstream_type Directory
67 error fstream_class DirWriter
68 error code EACCES
69 error errno 3
70 error stack Error: EACCES, mkdir '/usr/lib/node_modules/strongloop'
71 error fstream_stack /usr/lib/node_modules/npm/node_modules/fstream/lib/dir-writer.js:36:23
71 error fstream_stack /usr/lib/node_modules/npm/node_modules/mkdirp/index.js:46:53
71 error fstream_stack Object.oncomplete (fs.js:107:15)
72 verbose exit [ 3, true ]
